<?xml version="1.0" encoding="UTF-8"?>
<!-- Generated by org.testng.reporters.JUnitReportReporter -->
<testsuite skipped="0" hostname="DESKTOP-NUVRDQH" name="com.crm.qa.testcases.ContactTest" tests="5" failures="0" timestamp="02 Oct 2019 07:09:02 GMT" time="203.837" errors="0">
  <testcase name="createContacttest" time="42.022" classname="com.crm.qa.testcases.ContactTest"/>
  <testcase name="createContacttest" time="36.815" classname="com.crm.qa.testcases.ContactTest"/>
  <testcase name="createContacttest" time="52.868" classname="com.crm.qa.testcases.ContactTest"/>
  <testcase name="verifyContactlabelTest" time="31.926" classname="com.crm.qa.testcases.ContactTest"/>
  <testcase name="verifyContactSelectTest" time="40.206" classname="com.crm.qa.testcases.ContactTest"/>
</testsuite> <!-- com.crm.qa.testcases.ContactTest -->
