<?xml version="1.0" encoding="UTF-8"?>
<!-- Generated by org.testng.reporters.JUnitReportReporter -->
<testsuite hostname="DESKTOP-NUVRDQH" name="com.crm.qa.testdata.LoginPageTest" tests="3" failures="0" timestamp="20 Sep 2019 20:34:03 GMT" time="0.010" errors="3">
  <testcase name="LoginTest" time="0.001" classname="com.crm.qa.testdata.LoginPageTest">
    <error type="org.openqa.selenium.WebDriverException" message="unknown error: cannot find Chrome binary
Build info: version: &#039;3.14.0&#039;, revision: &#039;aacccce0&#039;, time: &#039;2018-08-02T20:19:58.91Z&#039;
System info: host: &#039;DESKTOP-NUVRDQH&#039;, ip: &#039;192.168.43.199&#039;, os.name: &#039;Windows 8.1&#039;, os.arch: &#039;x86&#039;, os.version: &#039;6.3&#039;, java.version: &#039;1.8.0_45&#039;
Driver info: driver.version: ChromeDriver
remote stacktrace: Backtrace:
	Ordinal0 [0x0111EB13+1501971]
	Ordinal0 [0x0109F6D1+980689]
	Ordinal0 [0x0102765F+489055]
	Ordinal0 [0x00FBB7ED+47085]
	Ordinal0 [0x00FD9800+169984]
	Ordinal0 [0x00FD942D+169005]
	Ordinal0 [0x00FD78EB+162027]
	Ordinal0 [0x00FC0AC7+68295]
	Ordinal0 [0x00FC1B40+72512]
	Ordinal0 [0x00FC1AD9+72409]
	Ordinal0 [0x010B8F37+1085239]
	GetHandleVerifier [0x011BD7ED+503293]
	GetHandleVerifier [0x011BD580+502672]
	GetHandleVerifier [0x011C46AC+531644]
	GetHandleVerifier [0x011BDFFA+505354]
	Ordinal0 [0x010B0606+1050118]
	Ordinal0 [0x010B047F+1049727]
	Ordinal0 [0x010BAF9B+1093531]
	Ordinal0 [0x010BB103+1093891]
	Ordinal0 [0x010BA095+1089685]
	BaseThreadInitThunk [0x76D42369+25]
	RtlExpandEnvironmentStrings [0x7742E5BB+523]
	RtlExpandEnvironmentStrings [0x7742E58F+479]
">
      <![CDATA[org.openqa.selenium.WebDriverException: unknown error: cannot find Chrome binary
Build info: version: '3.14.0', revision: 'aacccce0', time: '2018-08-02T20:19:58.91Z'
System info: host: 'DESKTOP-NUVRDQH', ip: '192.168.43.199', os.name: 'Windows 8.1', os.arch: 'x86', os.version: '6.3', java.version: '1.8.0_45'
Driver info: driver.version: ChromeDriver
remote stacktrace: Backtrace:
	Ordinal0 [0x0111EB13+1501971]
	Ordinal0 [0x0109F6D1+980689]
	Ordinal0 [0x0102765F+489055]
	Ordinal0 [0x00FBB7ED+47085]
	Ordinal0 [0x00FD9800+169984]
	Ordinal0 [0x00FD942D+169005]
	Ordinal0 [0x00FD78EB+162027]
	Ordinal0 [0x00FC0AC7+68295]
	Ordinal0 [0x00FC1B40+72512]
	Ordinal0 [0x00FC1AD9+72409]
	Ordinal0 [0x010B8F37+1085239]
	GetHandleVerifier [0x011BD7ED+503293]
	GetHandleVerifier [0x011BD580+502672]
	GetHandleVerifier [0x011C46AC+531644]
	GetHandleVerifier [0x011BDFFA+505354]
	Ordinal0 [0x010B0606+1050118]
	Ordinal0 [0x010B047F+1049727]
	Ordinal0 [0x010BAF9B+1093531]
	Ordinal0 [0x010BB103+1093891]
	Ordinal0 [0x010BA095+1089685]
	BaseThreadInitThunk [0x76D42369+25]
	RtlExpandEnvironmentStrings [0x7742E5BB+523]
	RtlExpandEnvironmentStrings [0x7742E58F+479]

	at sun.reflect.NativeConstructorAccessorImpl.newInstance0(Native Method)
	at sun.reflect.NativeConstructorAccessorImpl.newInstance(Unknown Source)
	at sun.reflect.DelegatingConstructorAccessorImpl.newInstance(Unknown Source)
	at java.lang.reflect.Constructor.newInstance(Unknown Source)
	at org.openqa.selenium.remote.W3CHandshakeResponse.lambda$new$0(W3CHandshakeResponse.java:57)
	at org.openqa.selenium.remote.W3CHandshakeResponse$$Lambda$189/26768214.apply(Unknown Source)
	at org.openqa.selenium.remote.W3CHandshakeResponse.lambda$getResponseFunction$2(W3CHandshakeResponse.java:104)
	at org.openqa.selenium.remote.W3CHandshakeResponse$$Lambda$191/8640696.apply(Unknown Source)
	at org.openqa.selenium.remote.ProtocolHandshake.lambda$createSession$0(ProtocolHandshake.java:122)
	at org.openqa.selenium.remote.ProtocolHandshake$$Lambda$192/23792613.apply(Unknown Source)
	at java.util.stream.ReferencePipeline$3$1.accept(Unknown Source)
	at java.util.Spliterators$ArraySpliterator.tryAdvance(Unknown Source)
	at java.util.stream.ReferencePipeline.forEachWithCancel(Unknown Source)
	at java.util.stream.AbstractPipeline.copyIntoWithCancel(Unknown Source)
	at java.util.stream.AbstractPipeline.copyInto(Unknown Source)
	at java.util.stream.AbstractPipeline.wrapAndCopyInto(Unknown Source)
	at java.util.stream.FindOps$FindOp.evaluateSequential(Unknown Source)
	at java.util.stream.AbstractPipeline.evaluate(Unknown Source)
	at java.util.stream.ReferencePipeline.findFirst(Unknown Source)
	at org.openqa.selenium.remote.ProtocolHandshake.createSession(ProtocolHandshake.java:125)
	at org.openqa.selenium.remote.ProtocolHandshake.createSession(ProtocolHandshake.java:73)
	at org.openqa.selenium.remote.HttpCommandExecutor.execute(HttpCommandExecutor.java:136)
	at org.openqa.selenium.remote.service.DriverCommandExecutor.execute(DriverCommandExecutor.java:83)
	at org.openqa.selenium.remote.RemoteWebDriver.execute(RemoteWebDriver.java:548)
	at org.openqa.selenium.remote.RemoteWebDriver.startSession(RemoteWebDriver.java:212)
	at org.openqa.selenium.remote.RemoteWebDriver.<init>(RemoteWebDriver.java:130)
	at org.openqa.selenium.chrome.ChromeDriver.<init>(ChromeDriver.java:181)
	at org.openqa.selenium.chrome.ChromeDriver.<init>(ChromeDriver.java:168)
	at org.openqa.selenium.chrome.ChromeDriver.<init>(ChromeDriver.java:123)
	at com.crm.qa.base.Testbase.initialization(Testbase.java:40)
	at com.crm.qa.testdata.LoginPageTest.setUp(LoginPageTest.java:22)
	at sun.reflect.NativeMethodAccessorImpl.invoke0(Native Method)
	at sun.reflect.NativeMethodAccessorImpl.invoke(Unknown Source)
	at sun.reflect.DelegatingMethodAccessorImpl.invoke(Unknown Source)
	at java.lang.reflect.Method.invoke(Unknown Source)
	at org.testng.internal.MethodInvocationHelper.invokeMethod(MethodInvocationHelper.java:86)
	at org.testng.internal.Invoker.invokeConfigurationMethod(Invoker.java:514)
	at org.testng.internal.Invoker.invokeConfigurations(Invoker.java:215)
	at org.testng.internal.Invoker.invokeMethod(Invoker.java:589)
	at org.testng.internal.Invoker.invokeTestMethod(Invoker.java:820)
	at org.testng.internal.Invoker.invokeTestMethods(Invoker.java:1128)
	at org.testng.internal.TestMethodWorker.invokeTestMethods(TestMethodWorker.java:129)
	at org.testng.internal.TestMethodWorker.run(TestMethodWorker.java:112)
	at org.testng.TestRunner.privateRun(TestRunner.java:782)
	at org.testng.TestRunner.run(TestRunner.java:632)
	at org.testng.SuiteRunner.runTest(SuiteRunner.java:366)
	at org.testng.SuiteRunner.runSequentially(SuiteRunner.java:361)
	at org.testng.SuiteRunner.privateRun(SuiteRunner.java:319)
	at org.testng.SuiteRunner.run(SuiteRunner.java:268)
	at org.testng.SuiteRunnerWorker.runSuite(SuiteRunnerWorker.java:52)
	at org.testng.SuiteRunnerWorker.run(SuiteRunnerWorker.java:86)
	at org.testng.TestNG.runSuitesSequentially(TestNG.java:1244)
	at org.testng.TestNG.runSuitesLocally(TestNG.java:1169)
	at org.testng.TestNG.run(TestNG.java:1064)
	at org.testng.remote.AbstractRemoteTestNG.run(AbstractRemoteTestNG.java:126)
	at org.testng.remote.RemoteTestNG.initAndRun(RemoteTestNG.java:152)
	at org.testng.remote.RemoteTestNG.main(RemoteTestNG.java:57)
]]>
    </error>
  </testcase> <!-- LoginTest -->
  <testcase name="verifyLogo" time="0.002" classname="com.crm.qa.testdata.LoginPageTest">
    <error type="org.openqa.selenium.WebDriverException" message="unknown error: cannot find Chrome binary
Build info: version: &#039;3.14.0&#039;, revision: &#039;aacccce0&#039;, time: &#039;2018-08-02T20:19:58.91Z&#039;
System info: host: &#039;DESKTOP-NUVRDQH&#039;, ip: &#039;192.168.43.199&#039;, os.name: &#039;Windows 8.1&#039;, os.arch: &#039;x86&#039;, os.version: &#039;6.3&#039;, java.version: &#039;1.8.0_45&#039;
Driver info: driver.version: ChromeDriver
remote stacktrace: Backtrace:
	Ordinal0 [0x0111EB13+1501971]
	Ordinal0 [0x0109F6D1+980689]
	Ordinal0 [0x0102765F+489055]
	Ordinal0 [0x00FBB7ED+47085]
	Ordinal0 [0x00FD9800+169984]
	Ordinal0 [0x00FD942D+169005]
	Ordinal0 [0x00FD78EB+162027]
	Ordinal0 [0x00FC0AC7+68295]
	Ordinal0 [0x00FC1B40+72512]
	Ordinal0 [0x00FC1AD9+72409]
	Ordinal0 [0x010B8F37+1085239]
	GetHandleVerifier [0x011BD7ED+503293]
	GetHandleVerifier [0x011BD580+502672]
	GetHandleVerifier [0x011C46AC+531644]
	GetHandleVerifier [0x011BDFFA+505354]
	Ordinal0 [0x010B0606+1050118]
	Ordinal0 [0x010B047F+1049727]
	Ordinal0 [0x010BAF9B+1093531]
	Ordinal0 [0x010BB103+1093891]
	Ordinal0 [0x010BA095+1089685]
	BaseThreadInitThunk [0x76D42369+25]
	RtlExpandEnvironmentStrings [0x7742E5BB+523]
	RtlExpandEnvironmentStrings [0x7742E58F+479]
">
      <![CDATA[org.openqa.selenium.WebDriverException: unknown error: cannot find Chrome binary
Build info: version: '3.14.0', revision: 'aacccce0', time: '2018-08-02T20:19:58.91Z'
System info: host: 'DESKTOP-NUVRDQH', ip: '192.168.43.199', os.name: 'Windows 8.1', os.arch: 'x86', os.version: '6.3', java.version: '1.8.0_45'
Driver info: driver.version: ChromeDriver
remote stacktrace: Backtrace:
	Ordinal0 [0x0111EB13+1501971]
	Ordinal0 [0x0109F6D1+980689]
	Ordinal0 [0x0102765F+489055]
	Ordinal0 [0x00FBB7ED+47085]
	Ordinal0 [0x00FD9800+169984]
	Ordinal0 [0x00FD942D+169005]
	Ordinal0 [0x00FD78EB+162027]
	Ordinal0 [0x00FC0AC7+68295]
	Ordinal0 [0x00FC1B40+72512]
	Ordinal0 [0x00FC1AD9+72409]
	Ordinal0 [0x010B8F37+1085239]
	GetHandleVerifier [0x011BD7ED+503293]
	GetHandleVerifier [0x011BD580+502672]
	GetHandleVerifier [0x011C46AC+531644]
	GetHandleVerifier [0x011BDFFA+505354]
	Ordinal0 [0x010B0606+1050118]
	Ordinal0 [0x010B047F+1049727]
	Ordinal0 [0x010BAF9B+1093531]
	Ordinal0 [0x010BB103+1093891]
	Ordinal0 [0x010BA095+1089685]
	BaseThreadInitThunk [0x76D42369+25]
	RtlExpandEnvironmentStrings [0x7742E5BB+523]
	RtlExpandEnvironmentStrings [0x7742E58F+479]

	at sun.reflect.NativeConstructorAccessorImpl.newInstance0(Native Method)
	at sun.reflect.NativeConstructorAccessorImpl.newInstance(Unknown Source)
	at sun.reflect.DelegatingConstructorAccessorImpl.newInstance(Unknown Source)
	at java.lang.reflect.Constructor.newInstance(Unknown Source)
	at org.openqa.selenium.remote.W3CHandshakeResponse.lambda$new$0(W3CHandshakeResponse.java:57)
	at org.openqa.selenium.remote.W3CHandshakeResponse$$Lambda$189/26768214.apply(Unknown Source)
	at org.openqa.selenium.remote.W3CHandshakeResponse.lambda$getResponseFunction$2(W3CHandshakeResponse.java:104)
	at org.openqa.selenium.remote.W3CHandshakeResponse$$Lambda$191/8640696.apply(Unknown Source)
	at org.openqa.selenium.remote.ProtocolHandshake.lambda$createSession$0(ProtocolHandshake.java:122)
	at org.openqa.selenium.remote.ProtocolHandshake$$Lambda$192/23792613.apply(Unknown Source)
	at java.util.stream.ReferencePipeline$3$1.accept(Unknown Source)
	at java.util.Spliterators$ArraySpliterator.tryAdvance(Unknown Source)
	at java.util.stream.ReferencePipeline.forEachWithCancel(Unknown Source)
	at java.util.stream.AbstractPipeline.copyIntoWithCancel(Unknown Source)
	at java.util.stream.AbstractPipeline.copyInto(Unknown Source)
	at java.util.stream.AbstractPipeline.wrapAndCopyInto(Unknown Source)
	at java.util.stream.FindOps$FindOp.evaluateSequential(Unknown Source)
	at java.util.stream.AbstractPipeline.evaluate(Unknown Source)
	at java.util.stream.ReferencePipeline.findFirst(Unknown Source)
	at org.openqa.selenium.remote.ProtocolHandshake.createSession(ProtocolHandshake.java:125)
	at org.openqa.selenium.remote.ProtocolHandshake.createSession(ProtocolHandshake.java:73)
	at org.openqa.selenium.remote.HttpCommandExecutor.execute(HttpCommandExecutor.java:136)
	at org.openqa.selenium.remote.service.DriverCommandExecutor.execute(DriverCommandExecutor.java:83)
	at org.openqa.selenium.remote.RemoteWebDriver.execute(RemoteWebDriver.java:548)
	at org.openqa.selenium.remote.RemoteWebDriver.startSession(RemoteWebDriver.java:212)
	at org.openqa.selenium.remote.RemoteWebDriver.<init>(RemoteWebDriver.java:130)
	at org.openqa.selenium.chrome.ChromeDriver.<init>(ChromeDriver.java:181)
	at org.openqa.selenium.chrome.ChromeDriver.<init>(ChromeDriver.java:168)
	at org.openqa.selenium.chrome.ChromeDriver.<init>(ChromeDriver.java:123)
	at com.crm.qa.base.Testbase.initialization(Testbase.java:40)
	at com.crm.qa.testdata.LoginPageTest.setUp(LoginPageTest.java:22)
	at sun.reflect.NativeMethodAccessorImpl.invoke0(Native Method)
	at sun.reflect.NativeMethodAccessorImpl.invoke(Unknown Source)
	at sun.reflect.DelegatingMethodAccessorImpl.invoke(Unknown Source)
	at java.lang.reflect.Method.invoke(Unknown Source)
	at org.testng.internal.MethodInvocationHelper.invokeMethod(MethodInvocationHelper.java:86)
	at org.testng.internal.Invoker.invokeConfigurationMethod(Invoker.java:514)
	at org.testng.internal.Invoker.invokeConfigurations(Invoker.java:215)
	at org.testng.internal.Invoker.invokeMethod(Invoker.java:589)
	at org.testng.internal.Invoker.invokeTestMethod(Invoker.java:820)
	at org.testng.internal.Invoker.invokeTestMethods(Invoker.java:1128)
	at org.testng.internal.TestMethodWorker.invokeTestMethods(TestMethodWorker.java:129)
	at org.testng.internal.TestMethodWorker.run(TestMethodWorker.java:112)
	at org.testng.TestRunner.privateRun(TestRunner.java:782)
	at org.testng.TestRunner.run(TestRunner.java:632)
	at org.testng.SuiteRunner.runTest(SuiteRunner.java:366)
	at org.testng.SuiteRunner.runSequentially(SuiteRunner.java:361)
	at org.testng.SuiteRunner.privateRun(SuiteRunner.java:319)
	at org.testng.SuiteRunner.run(SuiteRunner.java:268)
	at org.testng.SuiteRunnerWorker.runSuite(SuiteRunnerWorker.java:52)
	at org.testng.SuiteRunnerWorker.run(SuiteRunnerWorker.java:86)
	at org.testng.TestNG.runSuitesSequentially(TestNG.java:1244)
	at org.testng.TestNG.runSuitesLocally(TestNG.java:1169)
	at org.testng.TestNG.run(TestNG.java:1064)
	at org.testng.remote.AbstractRemoteTestNG.run(AbstractRemoteTestNG.java:126)
	at org.testng.remote.RemoteTestNG.initAndRun(RemoteTestNG.java:152)
	at org.testng.remote.RemoteTestNG.main(RemoteTestNG.java:57)
]]>
    </error>
  </testcase> <!-- verifyLogo -->
  <testcase name="VerifyTitle" time="0.007" classname="com.crm.qa.testdata.LoginPageTest">
    <error type="org.openqa.selenium.WebDriverException" message="unknown error: cannot find Chrome binary
Build info: version: &#039;3.14.0&#039;, revision: &#039;aacccce0&#039;, time: &#039;2018-08-02T20:19:58.91Z&#039;
System info: host: &#039;DESKTOP-NUVRDQH&#039;, ip: &#039;192.168.43.199&#039;, os.name: &#039;Windows 8.1&#039;, os.arch: &#039;x86&#039;, os.version: &#039;6.3&#039;, java.version: &#039;1.8.0_45&#039;
Driver info: driver.version: ChromeDriver
remote stacktrace: Backtrace:
	Ordinal0 [0x0111EB13+1501971]
	Ordinal0 [0x0109F6D1+980689]
	Ordinal0 [0x0102765F+489055]
	Ordinal0 [0x00FBB7ED+47085]
	Ordinal0 [0x00FD9800+169984]
	Ordinal0 [0x00FD942D+169005]
	Ordinal0 [0x00FD78EB+162027]
	Ordinal0 [0x00FC0AC7+68295]
	Ordinal0 [0x00FC1B40+72512]
	Ordinal0 [0x00FC1AD9+72409]
	Ordinal0 [0x010B8F37+1085239]
	GetHandleVerifier [0x011BD7ED+503293]
	GetHandleVerifier [0x011BD580+502672]
	GetHandleVerifier [0x011C46AC+531644]
	GetHandleVerifier [0x011BDFFA+505354]
	Ordinal0 [0x010B0606+1050118]
	Ordinal0 [0x010B047F+1049727]
	Ordinal0 [0x010BAF9B+1093531]
	Ordinal0 [0x010BB103+1093891]
	Ordinal0 [0x010BA095+1089685]
	BaseThreadInitThunk [0x76D42369+25]
	RtlExpandEnvironmentStrings [0x7742E5BB+523]
	RtlExpandEnvironmentStrings [0x7742E58F+479]
">
      <![CDATA[org.openqa.selenium.WebDriverException: unknown error: cannot find Chrome binary
Build info: version: '3.14.0', revision: 'aacccce0', time: '2018-08-02T20:19:58.91Z'
System info: host: 'DESKTOP-NUVRDQH', ip: '192.168.43.199', os.name: 'Windows 8.1', os.arch: 'x86', os.version: '6.3', java.version: '1.8.0_45'
Driver info: driver.version: ChromeDriver
remote stacktrace: Backtrace:
	Ordinal0 [0x0111EB13+1501971]
	Ordinal0 [0x0109F6D1+980689]
	Ordinal0 [0x0102765F+489055]
	Ordinal0 [0x00FBB7ED+47085]
	Ordinal0 [0x00FD9800+169984]
	Ordinal0 [0x00FD942D+169005]
	Ordinal0 [0x00FD78EB+162027]
	Ordinal0 [0x00FC0AC7+68295]
	Ordinal0 [0x00FC1B40+72512]
	Ordinal0 [0x00FC1AD9+72409]
	Ordinal0 [0x010B8F37+1085239]
	GetHandleVerifier [0x011BD7ED+503293]
	GetHandleVerifier [0x011BD580+502672]
	GetHandleVerifier [0x011C46AC+531644]
	GetHandleVerifier [0x011BDFFA+505354]
	Ordinal0 [0x010B0606+1050118]
	Ordinal0 [0x010B047F+1049727]
	Ordinal0 [0x010BAF9B+1093531]
	Ordinal0 [0x010BB103+1093891]
	Ordinal0 [0x010BA095+1089685]
	BaseThreadInitThunk [0x76D42369+25]
	RtlExpandEnvironmentStrings [0x7742E5BB+523]
	RtlExpandEnvironmentStrings [0x7742E58F+479]

	at sun.reflect.NativeConstructorAccessorImpl.newInstance0(Native Method)
	at sun.reflect.NativeConstructorAccessorImpl.newInstance(Unknown Source)
	at sun.reflect.DelegatingConstructorAccessorImpl.newInstance(Unknown Source)
	at java.lang.reflect.Constructor.newInstance(Unknown Source)
	at org.openqa.selenium.remote.W3CHandshakeResponse.lambda$new$0(W3CHandshakeResponse.java:57)
	at org.openqa.selenium.remote.W3CHandshakeResponse$$Lambda$189/26768214.apply(Unknown Source)
	at org.openqa.selenium.remote.W3CHandshakeResponse.lambda$getResponseFunction$2(W3CHandshakeResponse.java:104)
	at org.openqa.selenium.remote.W3CHandshakeResponse$$Lambda$191/8640696.apply(Unknown Source)
	at org.openqa.selenium.remote.ProtocolHandshake.lambda$createSession$0(ProtocolHandshake.java:122)
	at org.openqa.selenium.remote.ProtocolHandshake$$Lambda$192/23792613.apply(Unknown Source)
	at java.util.stream.ReferencePipeline$3$1.accept(Unknown Source)
	at java.util.Spliterators$ArraySpliterator.tryAdvance(Unknown Source)
	at java.util.stream.ReferencePipeline.forEachWithCancel(Unknown Source)
	at java.util.stream.AbstractPipeline.copyIntoWithCancel(Unknown Source)
	at java.util.stream.AbstractPipeline.copyInto(Unknown Source)
	at java.util.stream.AbstractPipeline.wrapAndCopyInto(Unknown Source)
	at java.util.stream.FindOps$FindOp.evaluateSequential(Unknown Source)
	at java.util.stream.AbstractPipeline.evaluate(Unknown Source)
	at java.util.stream.ReferencePipeline.findFirst(Unknown Source)
	at org.openqa.selenium.remote.ProtocolHandshake.createSession(ProtocolHandshake.java:125)
	at org.openqa.selenium.remote.ProtocolHandshake.createSession(ProtocolHandshake.java:73)
	at org.openqa.selenium.remote.HttpCommandExecutor.execute(HttpCommandExecutor.java:136)
	at org.openqa.selenium.remote.service.DriverCommandExecutor.execute(DriverCommandExecutor.java:83)
	at org.openqa.selenium.remote.RemoteWebDriver.execute(RemoteWebDriver.java:548)
	at org.openqa.selenium.remote.RemoteWebDriver.startSession(RemoteWebDriver.java:212)
	at org.openqa.selenium.remote.RemoteWebDriver.<init>(RemoteWebDriver.java:130)
	at org.openqa.selenium.chrome.ChromeDriver.<init>(ChromeDriver.java:181)
	at org.openqa.selenium.chrome.ChromeDriver.<init>(ChromeDriver.java:168)
	at org.openqa.selenium.chrome.ChromeDriver.<init>(ChromeDriver.java:123)
	at com.crm.qa.base.Testbase.initialization(Testbase.java:40)
	at com.crm.qa.testdata.LoginPageTest.setUp(LoginPageTest.java:22)
	at sun.reflect.NativeMethodAccessorImpl.invoke0(Native Method)
	at sun.reflect.NativeMethodAccessorImpl.invoke(Unknown Source)
	at sun.reflect.DelegatingMethodAccessorImpl.invoke(Unknown Source)
	at java.lang.reflect.Method.invoke(Unknown Source)
	at org.testng.internal.MethodInvocationHelper.invokeMethod(MethodInvocationHelper.java:86)
	at org.testng.internal.Invoker.invokeConfigurationMethod(Invoker.java:514)
	at org.testng.internal.Invoker.invokeConfigurations(Invoker.java:215)
	at org.testng.internal.Invoker.invokeMethod(Invoker.java:589)
	at org.testng.internal.Invoker.invokeTestMethod(Invoker.java:820)
	at org.testng.internal.Invoker.invokeTestMethods(Invoker.java:1128)
	at org.testng.internal.TestMethodWorker.invokeTestMethods(TestMethodWorker.java:129)
	at org.testng.internal.TestMethodWorker.run(TestMethodWorker.java:112)
	at org.testng.TestRunner.privateRun(TestRunner.java:782)
	at org.testng.TestRunner.run(TestRunner.java:632)
	at org.testng.SuiteRunner.runTest(SuiteRunner.java:366)
	at org.testng.SuiteRunner.runSequentially(SuiteRunner.java:361)
	at org.testng.SuiteRunner.privateRun(SuiteRunner.java:319)
	at org.testng.SuiteRunner.run(SuiteRunner.java:268)
	at org.testng.SuiteRunnerWorker.runSuite(SuiteRunnerWorker.java:52)
	at org.testng.SuiteRunnerWorker.run(SuiteRunnerWorker.java:86)
	at org.testng.TestNG.runSuitesSequentially(TestNG.java:1244)
	at org.testng.TestNG.runSuitesLocally(TestNG.java:1169)
	at org.testng.TestNG.run(TestNG.java:1064)
	at org.testng.remote.AbstractRemoteTestNG.run(AbstractRemoteTestNG.java:126)
	at org.testng.remote.RemoteTestNG.initAndRun(RemoteTestNG.java:152)
	at org.testng.remote.RemoteTestNG.main(RemoteTestNG.java:57)
]]>
    </error>
  </testcase> <!-- VerifyTitle -->
</testsuite> <!-- com.crm.qa.testdata.LoginPageTest -->
